<?xml version="1.0" encoding="UTF-8" ?>
<testsuite tests="18" failures="1" name="pl.szczepanik.tau_labs.service.BoatServiceTest" time="0.462" errors="0" skipped="0">
  <properties>
[...]
</properties>
  <testcase classname="pl.szczepanik.tau_labs.service.BoatServiceTest" name="getBoatFromDb" time="0.428"/>
  <testcase classname="pl.szczepanik.tau_labs.service.BoatServiceTest" name="createBoatTest" time="0"/>
  <testcase classname="pl.szczepanik.tau_labs.service.BoatServiceTest" name="checkIsBoatAdded" time="0"/>
  <testcase classname="pl.szczepanik.tau_labs.service.BoatServiceTest" name="getBoatFromDbWithoutId" time="0"/>
  <testcase classname="pl.szczepanik.tau_labs.service.BoatServiceTest" name="checkIsBoatDeleted" time="0.016"/>
  <testcase classname="pl.szczepanik.tau_labs.service.BoatServiceTest" name="checkGetAllTimeStampsForBoatByIdNotExists" time="0"/>
  <testcase classname="pl.szczepanik.tau_labs.service.BoatServiceTest" name="checkTimeStampAfterReadAllRecords" time="0.018"/>
  <testcase classname="pl.szczepanik.tau_labs.service.BoatServiceTest" name="checkModificationTimeDisabled" time="0">
    <failure message="expected:&lt;0&gt; but was:&lt;1234567892&gt;" type="java.lang.AssertionError">java.lang.AssertionError: expected:&lt;0&gt; but was:&lt;1234567892&gt;
	at org.junit.Assert.fail(Assert.java:88)
	at org.junit.Assert.failNotEquals(Assert.java:834)
	at org.junit.Assert.assertEquals(Assert.java:645)
	at org.junit.Assert.assertEquals(Assert.java:631)
	at pl.szczepanik.tau_labs.service.BoatServiceTest.checkModificationTimeDisabled(BoatServiceTest.java:248)
	at java.base/jdk.internal.reflect.NativeMethodAccessorImpl.invoke0(Native Method)
	at java.base/jdk.internal.reflect.NativeMethodAccessorImpl.invoke(NativeMethodAccessorImpl.java:62)
	at java.base/jdk.internal.reflect.DelegatingMethodAccessorImpl.invoke(DelegatingMethodAccessorImpl.java:43)
	at java.base/java.lang.reflect.Method.invoke(Method.java:567)
	at org.junit.runners.model.FrameworkMethod$1.runReflectiveCall(FrameworkMethod.java:50)
	at org.junit.internal.runners.model.ReflectiveCallable.run(ReflectiveCallable.java:12)
	at org.junit.runners.model.FrameworkMethod.invokeExplosively(FrameworkMethod.java:47)
	at org.junit.internal.runners.statements.InvokeMethod.evaluate(InvokeMethod.java:17)
	at org.mockito.internal.runners.DefaultInternalRunner$1$1.evaluate(DefaultInternalRunner.java:44)
	at org.junit.rules.ExpectedException$ExpectedExceptionStatement.evaluate(ExpectedException.java:239)
	at org.junit.rules.RunRules.evaluate(RunRules.java:20)
	at org.junit.runners.ParentRunner.runLeaf(ParentRunner.java:325)
	at org.junit.runners.BlockJUnit4ClassRunner.runChild(BlockJUnit4ClassRunner.java:78)
	at org.junit.runners.BlockJUnit4ClassRunner.runChild(BlockJUnit4ClassRunner.java:57)
	at org.junit.runners.ParentRunner$3.run(ParentRunner.java:290)
	at org.junit.runners.ParentRunner$1.schedule(ParentRunner.java:71)
	at org.junit.runners.ParentRunner.runChildren(ParentRunner.java:288)
	at org.junit.runners.ParentRunner.access$000(ParentRunner.java:58)
	at org.junit.runners.ParentRunner$2.evaluate(ParentRunner.java:268)
	at org.junit.runners.ParentRunner.run(ParentRunner.java:363)
	at org.mockito.internal.runners.DefaultInternalRunner$1.run(DefaultInternalRunner.java:74)
	at org.mockito.internal.runners.DefaultInternalRunner.run(DefaultInternalRunner.java:80)
	at org.mockito.internal.runners.StrictRunner.run(StrictRunner.java:39)
	at org.mockito.junit.MockitoJUnitRunner.run(MockitoJUnitRunner.java:163)
	at org.apache.maven.surefire.junit4.JUnit4Provider.execute(JUnit4Provider.java:252)
	at org.apache.maven.surefire.junit4.JUnit4Provider.executeTestSet(JUnit4Provider.java:141)
	at org.apache.maven.surefire.junit4.JUnit4Provider.invoke(JUnit4Provider.java:112)
	at java.base/jdk.internal.reflect.NativeMethodAccessorImpl.invoke0(Native Method)
	at java.base/jdk.internal.reflect.NativeMethodAccessorImpl.invoke(NativeMethodAccessorImpl.java:62)
	at java.base/jdk.internal.reflect.DelegatingMethodAccessorImpl.invoke(DelegatingMethodAccessorImpl.java:43)
	at java.base/java.lang.reflect.Method.invoke(Method.java:567)
	at org.apache.maven.surefire.util.ReflectionUtils.invokeMethodWithArray(ReflectionUtils.java:189)
	at org.apache.maven.surefire.booter.ProviderFactory$ProviderProxy.invoke(ProviderFactory.java:165)
	at org.apache.maven.surefire.booter.ProviderFactory.invokeProvider(ProviderFactory.java:85)
	at org.apache.maven.surefire.booter.ForkedBooter.runSuitesInProcess(ForkedBooter.java:115)
	at org.apache.maven.surefire.booter.ForkedBooter.main(ForkedBooter.java:75)
</failure>
  </testcase>
  <testcase classname="pl.szczepanik.tau_labs.service.BoatServiceTest" name="checkCreationTimeDisabled" time="0"/>
  <testcase classname="pl.szczepanik.tau_labs.service.BoatServiceTest" name="createBoatObject" time="0"/>
  <testcase classname="pl.szczepanik.tau_labs.service.BoatServiceTest" name="checkTimeStampAfterReadOneRecord" time="0"/>
  <testcase classname="pl.szczepanik.tau_labs.service.BoatServiceTest" name="checkTimeStampAfterAddNewBoat" time="0"/>
  <testcase classname="pl.szczepanik.tau_labs.service.BoatServiceTest" name="checkTimeStampAfterUpdateBoat" time="0"/>
  <testcase classname="pl.szczepanik.tau_labs.service.BoatServiceTest" name="createBoatTestTheSameId" time="0"/>
  <testcase classname="pl.szczepanik.tau_labs.service.BoatServiceTest" name="checkCreationTimeEnabled" time="0"/>
  <testcase classname="pl.szczepanik.tau_labs.service.BoatServiceTest" name="checkIsBoatUpdated" time="0"/>
  <testcase classname="pl.szczepanik.tau_labs.service.BoatServiceTest" name="checkGetAllTimeStampsForBoatById" time="0"/>
  <testcase classname="pl.szczepanik.tau_labs.service.BoatServiceTest" name="checkReadAllBoats" time="0"/>
</testsuite>