<?xml version="1.0" encoding="UTF-8" ?>
<testsuite tests="10" failures="0" name="pl.szczepanik.tau_labs.service.BoatServiceTest" time="0.432" errors="0" skipped="0">
  <properties>
[...]
</properties>
  <testcase classname="pl.szczepanik.tau_labs.service.BoatServiceTest" name="getBoatFromDb" time="0.412"/>
  <testcase classname="pl.szczepanik.tau_labs.service.BoatServiceTest" name="createBoatTest" time="0"/>
  <testcase classname="pl.szczepanik.tau_labs.service.BoatServiceTest" name="checkIsBoatAdded" time="0"/>
  <testcase classname="pl.szczepanik.tau_labs.service.BoatServiceTest" name="getBoatFromDbWithoutId" time="0"/>
  <testcase classname="pl.szczepanik.tau_labs.service.BoatServiceTest" name="checkIsBoatDeleted" time="0.006"/>
  <testcase classname="pl.szczepanik.tau_labs.service.BoatServiceTest" name="createBoatObject" time="0"/>
  <testcase classname="pl.szczepanik.tau_labs.service.BoatServiceTest" name="checkTimeStampAfterReadOneRecord" time="0.014"/>
  <testcase classname="pl.szczepanik.tau_labs.service.BoatServiceTest" name="createBoatTestTheSameId" time="0"/>
  <testcase classname="pl.szczepanik.tau_labs.service.BoatServiceTest" name="checkIsBoatUpdated" time="0"/>
  <testcase classname="pl.szczepanik.tau_labs.service.BoatServiceTest" name="checkReadAllBoats" time="0"/>
</testsuite>